============================================================
  Generated by:           Genus(TM) Synthesis Solution GENUS15.20 - 15.20-p004_1
  Generated on:           May 24 2025  12:42:02 pm
  Module:                 synth_wrapper
  Interconnect mode:      global
  Area mode:              timing library
============================================================

                                               
           Gate             Instances   Area                Library             
--------------------------------------------------------------------------------
sky130_fd_sc_hd__a21boi_2           1   11.261    sky130_fd_sc_hd__tt_025C_1v80 
sky130_fd_sc_hd__a2bb2oi_1          1    8.758    sky130_fd_sc_hd__tt_025C_1v80 
sky130_fd_sc_hd__buf_1              1    3.754    sky130_fd_sc_hd__tt_025C_1v80 
sky130_fd_sc_hd__buf_2              1    5.005    sky130_fd_sc_hd__tt_025C_1v80 
sky130_fd_sc_hd__dfrtp_1           14  350.336    sky130_fd_sc_hd__tt_025C_1v80 
sky130_fd_sc_hd__inv_1              2    7.507    sky130_fd_sc_hd__tt_025C_1v80 
sky130_fd_sc_hd__inv_2              4   15.014    sky130_fd_sc_hd__tt_025C_1v80 
sky130_fd_sc_hd__nand2_1            4   15.014    sky130_fd_sc_hd__tt_025C_1v80 
sky130_fd_sc_hd__nand2_2            4   25.024    sky130_fd_sc_hd__tt_025C_1v80 
sky130_fd_sc_hd__nand2_4            1   11.261    sky130_fd_sc_hd__tt_025C_1v80 
sky130_fd_sc_hd__nand2b_1           1    6.256    sky130_fd_sc_hd__tt_025C_1v80 
sky130_fd_sc_hd__nor2_1             2    7.507    sky130_fd_sc_hd__tt_025C_1v80 
sky130_fd_sc_hd__o21a_1             1    7.507    sky130_fd_sc_hd__tt_025C_1v80 
sky130_fd_sc_hd__o21ai_2            1    8.758    sky130_fd_sc_hd__tt_025C_1v80 
sky130_fd_sc_hd__o2bb2ai_1          1    8.758    sky130_fd_sc_hd__tt_025C_1v80 
sky130_fd_sc_hd__xnor2_1            2   17.517    sky130_fd_sc_hd__tt_025C_1v80 
sky130_fd_sc_hd__xor2_1             5   43.792    sky130_fd_sc_hd__tt_025C_1v80 
--------------------------------------------------------------------------------
total                              46  553.030                                  


                                    
   Type    Instances   Area  Area % 
------------------------------------
sequential        14 350.336   63.3 
inverter           6  22.522    4.1 
buffer             2   8.758    1.6 
logic             24 171.414   31.0 
------------------------------------
total             46 553.030  100.0 

