xrun(64): 20.09-s001: (c) Copyright 1995-2020 Cadence Design Systems, Inc.
xrun: *W,FMDEF: The default file type mapping of .sv is being overwritten.
TOOL:	xrun(64)	20.09-s001: Started on Jul 13, 2025 at 10:26:35 +07
xrun
	-gui
	+xm64bit
	-sv
	-vlogext .sv
	-f ../00_src/flist.f
		../00_src/full_adder.v
		../00_src/ripple_adder_4bit.v
		../00_src/synth_wrapper.v
	../01_tb/testbench.v
	-timescale 1ns/10ps
	+access+rcw
xmsim: *W,DSEM2009: This SystemVerilog design is simulated as per IEEE 1800-2009 SystemVerilog simulation semantics. Use -disable_sem2009 option for turning off SV 2009 simulation semantics.

-------------------------------------
Relinquished control to SimVision...
xcelium> 
xcelium> source /opt/cadence/installs/XCELIUM2009/tools/xcelium/files/xmsimrc
xcelium> ^C
xcelium> exit
TOOL:	xrun(64)	20.09-s001: Exiting on Jul 13, 2025 at 10:27:57 +07  (total: 00:01:22)
