xrun(64): 20.09-s001: (c) Copyright 1995-2020 Cadence Design Systems, Inc.
TOOL:	xrun(64)	20.09-s001: Started on Apr 23, 2025 at 17:24:01 +07
xrun
	-sv
	-f brcomp_tb.list
		../1.src/brcomp.sv
		../2.tb/brcomp_tb.sv
Recompiling... reason: file '../1.src/brcomp.sv' is newer than expected.
	expected: Wed Apr 23 17:22:58 2025
	actual:   Wed Apr 23 17:24:00 2025
file: ../1.src/brcomp.sv
	module worklib.brcomp:sv
		errors: 0, warnings: 0
		Caching library 'worklib' ....... Done
	Elaborating the design hierarchy:
  brcomp uut 
           |
xmelab: *W,CUVWSI (../2.tb/brcomp_tb.sv,14|11): 1 input port was not connected:
xmelab: (../1.src/brcomp.sv,4): cout_o

		Caching library 'worklib' ....... Done
	Top level design units:
		brcomp_tb
xmelab: *W,DSEMEL: This SystemVerilog design will be simulated as per IEEE 1800-2009 SystemVerilog simulation semantics. Use -disable_sem2009 option for turning off SV 2009 simulation semantics.
        .A(rs1_i[0]),
               |
xmelab: *W,CUVMPW (../1.src/brcomp.sv,14|15): port sizes differ in port connection(1/32) for the instance(brcomp_tb.uut) .
        .B(b_mod[0]),
               |
xmelab: *W,CUVMPW (../1.src/brcomp.sv,15|15): port sizes differ in port connection(1/32) for the instance(brcomp_tb.uut) .
        .sum(result_o[0]),
                    |
xmelab: *W,CUVMPW (../1.src/brcomp.sv,17|20): port sizes differ in port connection(1/32) for the instance(brcomp_tb.uut) .
        .A(rs1_i[1]),
               |
xmelab: *W,CUVMPW (../1.src/brcomp.sv,22|15): port sizes differ in port connection(1/32) for the instance(brcomp_tb.uut) .
        .B(b_mod[1]),
               |
xmelab: *W,CUVMPW (../1.src/brcomp.sv,23|15): port sizes differ in port connection(1/32) for the instance(brcomp_tb.uut) .
        .sum(result_o[1]),
                    |
xmelab: *W,CUVMPW (../1.src/brcomp.sv,25|20): port sizes differ in port connection(1/32) for the instance(brcomp_tb.uut) .
        .A(rs1_i[2]),
               |
xmelab: *W,CUVMPW (../1.src/brcomp.sv,29|15): port sizes differ in port connection(1/32) for the instance(brcomp_tb.uut) .
        .B(b_mod[2]),
               |
xmelab: *W,CUVMPW (../1.src/brcomp.sv,30|15): port sizes differ in port connection(1/32) for the instance(brcomp_tb.uut) .
        .sum(result_o[2]),
                    |
xmelab: *W,CUVMPW (../1.src/brcomp.sv,32|20): port sizes differ in port connection(1/32) for the instance(brcomp_tb.uut) .
        .A(rs1_i[3]),
               |
xmelab: *W,CUVMPW (../1.src/brcomp.sv,36|15): port sizes differ in port connection(1/32) for the instance(brcomp_tb.uut) .
        .B(b_mod[3]),
               |
xmelab: *W,CUVMPW (../1.src/brcomp.sv,37|15): port sizes differ in port connection(1/32) for the instance(brcomp_tb.uut) .
        .sum(result_o[3]),
                    |
xmelab: *W,CUVMPW (../1.src/brcomp.sv,39|20): port sizes differ in port connection(1/32) for the instance(brcomp_tb.uut) .
        .A(rs1_i[4]),
               |
xmelab: *W,CUVMPW (../1.src/brcomp.sv,43|15): port sizes differ in port connection(1/32) for the instance(brcomp_tb.uut) .
        .B(b_mod[4]),
               |
xmelab: *W,CUVMPW (../1.src/brcomp.sv,44|15): port sizes differ in port connection(1/32) for the instance(brcomp_tb.uut) .
        .sum(result_o[4]),
                    |
xmelab: *W,CUVMPW (../1.src/brcomp.sv,46|20): port sizes differ in port connection(1/32) for the instance(brcomp_tb.uut) .
        .A(rs1_i[5]),
               |
xmelab: *W,CUVMPW (../1.src/brcomp.sv,50|15): port sizes differ in port connection(1/32) for the instance(brcomp_tb.uut) .
        .B(b_mod[5]),
               |
xmelab: *W,CUVMPW (../1.src/brcomp.sv,51|15): port sizes differ in port connection(1/32) for the instance(brcomp_tb.uut) .
        .sum(result_o[5]),
                    |
xmelab: *W,CUVMPW (../1.src/brcomp.sv,53|20): port sizes differ in port connection(1/32) for the instance(brcomp_tb.uut) .
        .A(rs1_i[6]),
               |
xmelab: *W,CUVMPW (../1.src/brcomp.sv,57|15): port sizes differ in port connection(1/32) for the instance(brcomp_tb.uut) .
        .B(b_mod[6]),
               |
xmelab: *W,CUVMPW (../1.src/brcomp.sv,58|15): port sizes differ in port connection(1/32) for the instance(brcomp_tb.uut) .
        .sum(result_o[6]),
                    |
xmelab: *W,CUVMPW (../1.src/brcomp.sv,60|20): port sizes differ in port connection(1/32) for the instance(brcomp_tb.uut) .
        .A(rs1_i[7]),
               |
xmelab: *W,CUVMPW (../1.src/brcomp.sv,64|15): port sizes differ in port connection(1/32) for the instance(brcomp_tb.uut) .
        .B(b_mod[7]),
               |
xmelab: *W,CUVMPW (../1.src/brcomp.sv,65|15): port sizes differ in port connection(1/32) for the instance(brcomp_tb.uut) .
        .sum(result_o[7]),
                    |
xmelab: *W,CUVMPW (../1.src/brcomp.sv,67|20): port sizes differ in port connection(1/32) for the instance(brcomp_tb.uut) .
        .A(rs1_i[8]),
               |
xmelab: *W,CUVMPW (../1.src/brcomp.sv,71|15): port sizes differ in port connection(1/32) for the instance(brcomp_tb.uut) .
        .B(b_mod[8]),
               |
xmelab: *W,CUVMPW (../1.src/brcomp.sv,72|15): port sizes differ in port connection(1/32) for the instance(brcomp_tb.uut) .
        .sum(result_o[8]),
                    |
xmelab: *W,CUVMPW (../1.src/brcomp.sv,74|20): port sizes differ in port connection(1/32) for the instance(brcomp_tb.uut) .
        .A(rs1_i[9]),
               |
xmelab: *W,CUVMPW (../1.src/brcomp.sv,78|15): port sizes differ in port connection(1/32) for the instance(brcomp_tb.uut) .
        .B(b_mod[9]),
               |
xmelab: *W,CUVMPW (../1.src/brcomp.sv,79|15): port sizes differ in port connection(1/32) for the instance(brcomp_tb.uut) .
        .sum(result_o[9]),
                    |
xmelab: *W,CUVMPW (../1.src/brcomp.sv,81|20): port sizes differ in port connection(1/32) for the instance(brcomp_tb.uut) .
        .A(rs1_i[10]),
               |
xmelab: *W,CUVMPW (../1.src/brcomp.sv,85|15): port sizes differ in port connection(1/32) for the instance(brcomp_tb.uut) .
        .B(b_mod[10]),
               |
xmelab: *W,CUVMPW (../1.src/brcomp.sv,86|15): port sizes differ in port connection(1/32) for the instance(brcomp_tb.uut) .
        .sum(result_o[10]),
                    |
xmelab: *W,CUVMPW (../1.src/brcomp.sv,88|20): port sizes differ in port connection(1/32) for the instance(brcomp_tb.uut) .
        .A(rs1_i[11]),
               |
xmelab: *W,CUVMPW (../1.src/brcomp.sv,92|15): port sizes differ in port connection(1/32) for the instance(brcomp_tb.uut) .
        .B(b_mod[11]),
               |
xmelab: *W,CUVMPW (../1.src/brcomp.sv,93|15): port sizes differ in port connection(1/32) for the instance(brcomp_tb.uut) .
        .sum(result_o[11]),
                    |
xmelab: *W,CUVMPW (../1.src/brcomp.sv,95|20): port sizes differ in port connection(1/32) for the instance(brcomp_tb.uut) .
        .A(rs1_i[12]),
               |
xmelab: *W,CUVMPW (../1.src/brcomp.sv,99|15): port sizes differ in port connection(1/32) for the instance(brcomp_tb.uut) .
        .B(b_mod[12]),
               |
xmelab: *W,CUVMPW (../1.src/brcomp.sv,100|15): port sizes differ in port connection(1/32) for the instance(brcomp_tb.uut) .
        .sum(result_o[12]),
                    |
xmelab: *W,CUVMPW (../1.src/brcomp.sv,102|20): port sizes differ in port connection(1/32) for the instance(brcomp_tb.uut) .
        .A(rs1_i[13]),
               |
xmelab: *W,CUVMPW (../1.src/brcomp.sv,106|15): port sizes differ in port connection(1/32) for the instance(brcomp_tb.uut) .
        .B(b_mod[13]),
               |
xmelab: *W,CUVMPW (../1.src/brcomp.sv,107|15): port sizes differ in port connection(1/32) for the instance(brcomp_tb.uut) .
        .sum(result_o[13]),
                    |
xmelab: *W,CUVMPW (../1.src/brcomp.sv,109|20): port sizes differ in port connection(1/32) for the instance(brcomp_tb.uut) .
        .A(rs1_i[14]),
               |
xmelab: *W,CUVMPW (../1.src/brcomp.sv,113|15): port sizes differ in port connection(1/32) for the instance(brcomp_tb.uut) .
        .B(b_mod[14]),
               |
xmelab: *W,CUVMPW (../1.src/brcomp.sv,114|15): port sizes differ in port connection(1/32) for the instance(brcomp_tb.uut) .
        .sum(result_o[14]),
                    |
xmelab: *W,CUVMPW (../1.src/brcomp.sv,116|20): port sizes differ in port connection(1/32) for the instance(brcomp_tb.uut) .
        .A(rs1_i[15]),
               |
xmelab: *W,CUVMPW (../1.src/brcomp.sv,120|15): port sizes differ in port connection(1/32) for the instance(brcomp_tb.uut) .
        .B(b_mod[15]),
               |
xmelab: *W,CUVMPW (../1.src/brcomp.sv,121|15): port sizes differ in port connection(1/32) for the instance(brcomp_tb.uut) .
        .sum(result_o[15]),
                    |
xmelab: *W,CUVMPW (../1.src/brcomp.sv,123|20): port sizes differ in port connection(1/32) for the instance(brcomp_tb.uut) .
        .A(rs1_i[16]),
               |
xmelab: *W,CUVMPW (../1.src/brcomp.sv,127|15): port sizes differ in port connection(1/32) for the instance(brcomp_tb.uut) .
        .B(b_mod[16]),
               |
xmelab: *W,CUVMPW (../1.src/brcomp.sv,128|15): port sizes differ in port connection(1/32) for the instance(brcomp_tb.uut) .
        .sum(result_o[16]),
                    |
xmelab: *W,CUVMPW (../1.src/brcomp.sv,130|20): port sizes differ in port connection(1/32) for the instance(brcomp_tb.uut) .
        .A(rs1_i[17]),
               |
xmelab: *W,CUVMPW (../1.src/brcomp.sv,134|15): port sizes differ in port connection(1/32) for the instance(brcomp_tb.uut) .
        .B(b_mod[17]),
               |
xmelab: *W,CUVMPW (../1.src/brcomp.sv,135|15): port sizes differ in port connection(1/32) for the instance(brcomp_tb.uut) .
        .sum(result_o[17]),
                    |
xmelab: *W,CUVMPW (../1.src/brcomp.sv,137|20): port sizes differ in port connection(1/32) for the instance(brcomp_tb.uut) .
        .A(rs1_i[18]),
               |
xmelab: *W,CUVMPW (../1.src/brcomp.sv,141|15): port sizes differ in port connection(1/32) for the instance(brcomp_tb.uut) .
        .B(b_mod[18]),
               |
xmelab: *W,CUVMPW (../1.src/brcomp.sv,142|15): port sizes differ in port connection(1/32) for the instance(brcomp_tb.uut) .
        .sum(result_o[18]),
                    |
xmelab: *W,CUVMPW (../1.src/brcomp.sv,144|20): port sizes differ in port connection(1/32) for the instance(brcomp_tb.uut) .
        .A(rs1_i[19]),
               |
xmelab: *W,CUVMPW (../1.src/brcomp.sv,148|15): port sizes differ in port connection(1/32) for the instance(brcomp_tb.uut) .
        .B(b_mod[19]),
               |
xmelab: *W,CUVMPW (../1.src/brcomp.sv,149|15): port sizes differ in port connection(1/32) for the instance(brcomp_tb.uut) .
        .sum(result_o[19]),
                    |
xmelab: *W,CUVMPW (../1.src/brcomp.sv,151|20): port sizes differ in port connection(1/32) for the instance(brcomp_tb.uut) .
        .A(rs1_i[20]),
               |
xmelab: *W,CUVMPW (../1.src/brcomp.sv,155|15): port sizes differ in port connection(1/32) for the instance(brcomp_tb.uut) .
        .B(b_mod[20]),
               |
xmelab: *W,CUVMPW (../1.src/brcomp.sv,156|15): port sizes differ in port connection(1/32) for the instance(brcomp_tb.uut) .
        .sum(result_o[20]),
                    |
xmelab: *W,CUVMPW (../1.src/brcomp.sv,158|20): port sizes differ in port connection(1/32) for the instance(brcomp_tb.uut) .
        .A(rs1_i[21]),
               |
xmelab: *W,CUVMPW (../1.src/brcomp.sv,162|15): port sizes differ in port connection(1/32) for the instance(brcomp_tb.uut) .
        .B(b_mod[21]),
               |
xmelab: *W,CUVMPW (../1.src/brcomp.sv,163|15): port sizes differ in port connection(1/32) for the instance(brcomp_tb.uut) .
        .sum(result_o[21]),
                    |
xmelab: *W,CUVMPW (../1.src/brcomp.sv,165|20): port sizes differ in port connection(1/32) for the instance(brcomp_tb.uut) .
        .A(rs1_i[22]),
               |
xmelab: *W,CUVMPW (../1.src/brcomp.sv,169|15): port sizes differ in port connection(1/32) for the instance(brcomp_tb.uut) .
        .B(b_mod[22]),
               |
xmelab: *W,CUVMPW (../1.src/brcomp.sv,170|15): port sizes differ in port connection(1/32) for the instance(brcomp_tb.uut) .
        .sum(result_o[22]),
                    |
xmelab: *W,CUVMPW (../1.src/brcomp.sv,172|20): port sizes differ in port connection(1/32) for the instance(brcomp_tb.uut) .
        .A(rs1_i[23]),
               |
xmelab: *W,CUVMPW (../1.src/brcomp.sv,176|15): port sizes differ in port connection(1/32) for the instance(brcomp_tb.uut) .
        .B(b_mod[23]),
               |
xmelab: *W,CUVMPW (../1.src/brcomp.sv,177|15): port sizes differ in port connection(1/32) for the instance(brcomp_tb.uut) .
        .sum(result_o[23]),
                    |
xmelab: *W,CUVMPW (../1.src/brcomp.sv,179|20): port sizes differ in port connection(1/32) for the instance(brcomp_tb.uut) .
        .A(rs1_i[24]),
               |
xmelab: *W,CUVMPW (../1.src/brcomp.sv,183|15): port sizes differ in port connection(1/32) for the instance(brcomp_tb.uut) .
        .B(b_mod[24]),
               |
xmelab: *W,CUVMPW (../1.src/brcomp.sv,184|15): port sizes differ in port connection(1/32) for the instance(brcomp_tb.uut) .
        .sum(result_o[24]),
                    |
xmelab: *W,CUVMPW (../1.src/brcomp.sv,186|20): port sizes differ in port connection(1/32) for the instance(brcomp_tb.uut) .
        .A(rs1_i[25]),
               |
xmelab: *W,CUVMPW (../1.src/brcomp.sv,190|15): port sizes differ in port connection(1/32) for the instance(brcomp_tb.uut) .
        .B(b_mod[25]),
               |
xmelab: *W,CUVMPW (../1.src/brcomp.sv,191|15): port sizes differ in port connection(1/32) for the instance(brcomp_tb.uut) .
        .sum(result_o[25]),
                    |
xmelab: *W,CUVMPW (../1.src/brcomp.sv,193|20): port sizes differ in port connection(1/32) for the instance(brcomp_tb.uut) .
        .A(rs1_i[26]),
               |
xmelab: *W,CUVMPW (../1.src/brcomp.sv,197|15): port sizes differ in port connection(1/32) for the instance(brcomp_tb.uut) .
        .B(b_mod[26]),
               |
xmelab: *W,CUVMPW (../1.src/brcomp.sv,198|15): port sizes differ in port connection(1/32) for the instance(brcomp_tb.uut) .
        .sum(result_o[26]),
                    |
xmelab: *W,CUVMPW (../1.src/brcomp.sv,200|20): port sizes differ in port connection(1/32) for the instance(brcomp_tb.uut) .
        .A(rs1_i[27]),
               |
xmelab: *W,CUVMPW (../1.src/brcomp.sv,204|15): port sizes differ in port connection(1/32) for the instance(brcomp_tb.uut) .
        .B(b_mod[27]),
               |
xmelab: *W,CUVMPW (../1.src/brcomp.sv,205|15): port sizes differ in port connection(1/32) for the instance(brcomp_tb.uut) .
        .sum(result_o[27]),
                    |
xmelab: *W,CUVMPW (../1.src/brcomp.sv,207|20): port sizes differ in port connection(1/32) for the instance(brcomp_tb.uut) .
        .A(rs1_i[28]),
               |
xmelab: *W,CUVMPW (../1.src/brcomp.sv,211|15): port sizes differ in port connection(1/32) for the instance(brcomp_tb.uut) .
        .B(b_mod[28]),
               |
xmelab: *W,CUVMPW (../1.src/brcomp.sv,212|15): port sizes differ in port connection(1/32) for the instance(brcomp_tb.uut) .
        .sum(result_o[28]),
                    |
xmelab: *W,CUVMPW (../1.src/brcomp.sv,214|20): port sizes differ in port connection(1/32) for the instance(brcomp_tb.uut) .
        .A(rs1_i[29]),
               |
xmelab: *W,CUVMPW (../1.src/brcomp.sv,218|15): port sizes differ in port connection(1/32) for the instance(brcomp_tb.uut) .
        .B(b_mod[29]),
               |
xmelab: *W,CUVMPW (../1.src/brcomp.sv,219|15): port sizes differ in port connection(1/32) for the instance(brcomp_tb.uut) .
        .sum(result_o[29]),
                    |
xmelab: *W,CUVMPW (../1.src/brcomp.sv,221|20): port sizes differ in port connection(1/32) for the instance(brcomp_tb.uut) .
        .A(rs1_i[30]),
               |
xmelab: *W,CUVMPW (../1.src/brcomp.sv,225|15): port sizes differ in port connection(1/32) for the instance(brcomp_tb.uut) .
        .B(b_mod[30]),
               |
xmelab: *W,CUVMPW (../1.src/brcomp.sv,226|15): port sizes differ in port connection(1/32) for the instance(brcomp_tb.uut) .
        .sum(result_o[30]),
                    |
xmelab: *W,CUVMPW (../1.src/brcomp.sv,228|20): port sizes differ in port connection(1/32) for the instance(brcomp_tb.uut) .
    .A(rs1_i[31]),
           |
xmelab: *W,CUVMPW (../1.src/brcomp.sv,232|11): port sizes differ in port connection(1/32) for the instance(brcomp_tb.uut) .
    .B(b_mod[31]),
           |
xmelab: *W,CUVMPW (../1.src/brcomp.sv,233|11): port sizes differ in port connection(1/32) for the instance(brcomp_tb.uut) .
    .sum(result_o[31]),
                |
xmelab: *W,CUVMPW (../1.src/brcomp.sv,235|16): port sizes differ in port connection(1/32) for the instance(brcomp_tb.uut) .
	Building instance overlay tables: .................... Done
	Generating native compiled code:
		worklib.brcomp:sv <0x3cff35cc>
			streams:   4, words:  3949
	Building instance specific data structures.
	Loading native compiled code:     .................... Done
	Design hierarchy summary:
		                Instances  Unique
		Modules:             1058       4
		Registers:             15      15
		Scalar wires:        2056       -
		Expanded wires:        64       2
		Vectored wires:         1       -
		Always blocks:          1       1
		Initial blocks:         1       1
		Cont. assignments:      3       5
		Pseudo assignments:     4       4
	Writing initial simulation snapshot: worklib.brcomp_tb:sv
Loading snapshot worklib.brcomp_tb:sv .................... Done
xmsim: *W,DSEM2009: This SystemVerilog design is simulated as per IEEE 1800-2009 SystemVerilog simulation semantics. Use -disable_sem2009 option for turning off SV 2009 simulation semantics.
xcelium> source /opt/cadence/installs/XCELIUM2009/tools/xcelium/files/xmsimrc
xcelium> run
Testcase # 1 FAILED:
| rs1 = 00000000 | rs2 = 00000000 | br_unsign = 1
| less_expected = 0 | less_got = x
| equal_expected = 1 | equal_got = 1
Testcase # 2 FAILED:
| rs1 = 00000002 | rs2 = 00000002 | br_unsign = 1
| less_expected = 0 | less_got = x
| equal_expected = 1 | equal_got = 1
Testcase # 3 FAILED:
| rs1 = ffffffff | rs2 = 00000001 | br_unsign = 0
| less_expected = 1 | less_got = x
| equal_expected = 0 | equal_got = 1
Testcase # 4 FAILED:
| rs1 = 80000000 | rs2 = 00000001 | br_unsign = 0
| less_expected = 1 | less_got = x
| equal_expected = 0 | equal_got = x
Testcase # 5 FAILED:
| rs1 = 00000000 | rs2 = 00000001 | br_unsign = 1
| less_expected = 1 | less_got = x
| equal_expected = 0 | equal_got = x
Testcase # 6 FAILED:
| rs1 = 12345678 | rs2 = 12345678 | br_unsign = 1
| less_expected = 0 | less_got = x
| equal_expected = 1 | equal_got = 1
Testcase # 7 FAILED:
| rs1 = 11111111 | rs2 = 22222222 | br_unsign = 1
| less_expected = 1 | less_got = x
| equal_expected = 0 | equal_got = x
Testcase # 8 FAILED:
| rs1 = aaaaaaaa | rs2 = 55555555 | br_unsign = 1
| less_expected = 0 | less_got = x
| equal_expected = 0 | equal_got = x
Simulation complete via $finish(1) at time 80 NS + 0
../2.tb/brcomp_tb.sv:50   $finish;
xcelium> exit
TOOL:	xrun(64)	20.09-s001: Exiting on Apr 23, 2025 at 17:24:01 +07  (total: 00:00:00)
