============================================================
  Generated by:           Genus(TM) Synthesis Solution GENUS15.20 - 15.20-p004_1
  Generated on:           May 24 2025  12:42:02 pm
  Module:                 synth_wrapper
  Interconnect mode:      global
  Area mode:              timing library
============================================================

Timing
--------

Clock Period 
-------------
clk   1000.0 


  Cost    Critical       Violating 
 Group   Path Slack TNS    Paths   
-----------------------------------
default         0.8   0          0 
-----------------------------------
Total                 0          0 

Instance Count
--------------
Leaf Instance Count             46 
Sequential Instance Count       14 
Combinational Instance Count    32 
Hierarchical Instance Count      0 

Area
----
Cell Area                          553.030
Physical Cell Area                 0.000
Total Cell Area (Cell+Physical)    553.030
Net Area                           231.297
Total Area (Cell+Physical+Net)     784.327

Max Fanout                         14 (clk)
Min Fanout                         1 (n_0)
Average Fanout                     1.9
Terms to net ratio                 2.6
Terms to instance ratio            3.3
Runtime                            35.545 seconds
Elapsed Runtime                    37 seconds
RC peak memory usage:              440.64 
EDI peak memory usage:             no_value 
Hostname                           centos7
